Using pre-set license
Built from '2020.3/staging' branch; Version is '2020.3.26f1 (7298b473bc1a) revision 7510196'; Using compiler version '192528614'; Build Type 'Release'
OS: 'Windows 10  (10.0.19044) 64bit Core' Language: 'hu' Physical Memory: 16300 MB
BatchMode: 1, IsHumanControllingUs: 0, StartBugReporterOnCrash: 0, Is64bit: 1, IsPro: 0

COMMAND LINE ARGUMENTS:
C:\Program Files\Unity\Hub\Editor\2020.3.26f1\Editor\Unity.exe
-adb2
-batchMode
-noUpm
-name
AssetImportWorker0
-projectPath
C:/Users/HP/Documents/Hololens
-logFile
Logs/AssetImportWorker0.log
-srvPort
58507
Successfully changed project path to: C:/Users/HP/Documents/Hololens
C:/Users/HP/Documents/Hololens
Using Asset Import Pipeline V2.
Refreshing native plugins compatible for Editor in 268.92 ms, found 17 plugins.
Preloading 1 native plugins for Editor in 3.92 ms.
Initialize engine version: 2020.3.26f1 (7298b473bc1a)
[Subsystems] Discovering subsystems at path C:/Program Files/Unity/Hub/Editor/2020.3.26f1/Editor/Data/Resources/UnitySubsystems
[Subsystems] Discovering subsystems at path C:/Users/HP/Documents/Hololens/Assets
GfxDevice: creating device client; threaded=0
Direct3D:
    Version:  Direct3D 11.0 [level 11.1]
    Renderer: Radeon(TM) 530 (ID=0x6900)
    Vendor:   
    VRAM:     4087 MB
    Driver:   22.19.128.5
Initialize mono
Mono path[0] = 'C:/Program Files/Unity/Hub/Editor/2020.3.26f1/Editor/Data/Managed'
Mono path[1] = 'C:/Program Files/Unity/Hub/Editor/2020.3.26f1/Editor/Data/MonoBleedingEdge/lib/mono/unityjit'
Mono config path = 'C:/Program Files/Unity/Hub/Editor/2020.3.26f1/Editor/Data/MonoBleedingEdge/etc'
Using monoOptions --debugger-agent=transport=dt_socket,embedding=1,server=y,suspend=n,address=127.0.0.1:56532
Begin MonoManager ReloadAssembly
Registering precompiled unity dll's ...
Register platform support module: C:/Program Files/Unity/Hub/Editor/2020.3.26f1/Editor/Data/PlaybackEngines/WebGLSupport/UnityEditor.WebGL.Extensions.dll
Register platform support module: C:/Program Files/Unity/Hub/Editor/2020.3.26f1/Editor/Data/PlaybackEngines/WindowsStandaloneSupport/UnityEditor.WindowsStandalone.Extensions.dll
Registered in 0.002839 seconds.
Native extension for WindowsStandalone target not found
Native extension for WebGL target not found
Refreshing native plugins compatible for Editor in 82.55 ms, found 17 plugins.
Preloading 1 native plugins for Editor in 0.13 ms.
Mono: successfully reloaded assembly
- Completed reload, in  0.736 seconds
Domain Reload Profiling:
	ReloadAssembly (736ms)
		BeginReloadAssembly (64ms)
			ExecutionOrderSort (0ms)
			DisableScriptedObjects (0ms)
			BackupInstance (0ms)
			ReleaseScriptingObjects (0ms)
			CreateAndSetChildDomain (1ms)
		EndReloadAssembly (581ms)
			LoadAssemblies (64ms)
			RebuildTransferFunctionScriptingTraits (1ms)
			SetupTypeCache (173ms)
			ReleaseScriptCaches (0ms)
			RebuildScriptCaches (35ms)
			SetupLoadedEditorAssemblies (248ms)
				LogAssemblyErrors (0ms)
				InitializePlatformSupportModulesInManaged (5ms)
				SetLoadedEditorAssemblies (0ms)
				RefreshPlugins (83ms)
				BeforeProcessingInitializeOnLoad (24ms)
				ProcessInitializeOnLoadAttributes (104ms)
				ProcessInitializeOnLoadMethodAttributes (31ms)
				AfterProcessingInitializeOnLoad (0ms)
				EditorAssembliesLoaded (0ms)
			ExecutionOrderSort2 (0ms)
			AwakeInstancesAfterBackupRestoration (0ms)
Platform modules already initialized, skipping
Registering precompiled user dll's ...
Registered in 0.044129 seconds.
Begin MonoManager ReloadAssembly
Native extension for WindowsStandalone target not found
Native extension for WebGL target not found
Refreshing native plugins compatible for Editor in 80.99 ms, found 17 plugins.
Preloading 1 native plugins for Editor in 0.13 ms.
[XR] Error loading subsystem: Display (1) (header mismatch?)
[XR] [MROpenXR][Info   ][10:58:44.510855][tid:1fc0] MeshProvider_RegisterLifecycleProvider
[XR] [MROpenXR][Info   ][10:58:44.510971][tid:1fc0] InputProvider_RegisterLifeCycleProvider
[XR] [MROpenXR][Info   ][10:58:44.511808][tid:1fc0] MicrosoftOpenXRPlugin_SetPluginEnvironment unityVersion=2020.3.26f1
[XR] [MROpenXR][Info   ][10:58:44.512532][tid:1fc0] MicrosoftOpenXRPlugin_SetPluginEnvironment openXRPluginVersion=1.3.1
[XR] [MROpenXR][Info   ][10:58:44.512587][tid:1fc0] MicrosoftOpenXRPlugin_SetPluginEnvironment mrOpenXRPluginVersion=1.3.1.0
[XR] [MROpenXR][Info   ][10:58:44.512667][tid:1fc0] OnPluginStarted UnityVersion=2020.3.26f1 OpenXRPluginVersion=1.3.1 MROpenXRPluginVersion=1.3.1.0 PartA_PrivTags=33554432
Mono: successfully reloaded assembly
- Completed reload, in  3.546 seconds
Domain Reload Profiling:
	ReloadAssembly (3547ms)
		BeginReloadAssembly (162ms)
			ExecutionOrderSort (0ms)
			DisableScriptedObjects (5ms)
			BackupInstance (0ms)
			ReleaseScriptingObjects (0ms)
			CreateAndSetChildDomain (21ms)
		EndReloadAssembly (3309ms)
			LoadAssemblies (250ms)
			RebuildTransferFunctionScriptingTraits (0ms)
			SetupTypeCache (401ms)
			ReleaseScriptCaches (1ms)
			RebuildScriptCaches (79ms)
			SetupLoadedEditorAssemblies (2431ms)
				LogAssemblyErrors (0ms)
				InitializePlatformSupportModulesInManaged (5ms)
				SetLoadedEditorAssemblies (0ms)
				RefreshPlugins (81ms)
				BeforeProcessingInitializeOnLoad (145ms)
				ProcessInitializeOnLoadAttributes (1441ms)
				ProcessInitializeOnLoadMethodAttributes (750ms)
				AfterProcessingInitializeOnLoad (8ms)
				EditorAssembliesLoaded (0ms)
			ExecutionOrderSort2 (0ms)
			AwakeInstancesAfterBackupRestoration (7ms)
Platform modules already initialized, skipping
========================================================================
Worker process is ready to serve import requests
Launched and connected shader compiler UnityShaderCompiler.exe after 0.12 seconds
Refreshing native plugins compatible for Editor in 1.28 ms, found 17 plugins.
Preloading 1 native plugins for Editor in 0.13 ms.
Unloading 3900 Unused Serialized files (Serialized files now loaded: 0)
System memory in use before: 159.8 MB.
System memory in use after: 159.5 MB.

Unloading 782 unused Assets to reduce memory usage. Loaded Objects now: 4177.
Total: 5.643500 ms (FindLiveObjects: 0.364500 ms CreateObjectMapping: 0.183000 ms MarkObjects: 4.417400 ms  DeleteObjects: 0.677500 ms)

AssetImportParameters requested are different than current active one (requested -> active):
  custom:framework-win-MediaFoundation: 216162199b28c13a410421893ffa2e32 -> 
  custom:video-decoder-ogg-theora: a1e56fd34408186e4bbccfd4996cb3dc -> 
  custom:container-muxer-webm: aa71ff27fc2769a1b78a27578f13a17b -> 
  custom:container-demuxer-webm: 4f35f7cbe854078d1ac9338744f61a02 -> 
  custom:container-demuxer-ogg: 62fdf1f143b41e24485cea50d1cbac27 -> 
  custom:video-encoder-webm-vp8: eb34c28f22e8b96e1ab97ce403110664 -> 
  custom:video-codec-MediaFoundation-h265: 746d11721c4dcdbdad8f713fa42b33f4 -> 
  custom:video-decoder-webm-vp8: 9c59270c3fd7afecdb556c50c9e8de78 -> 
  custom:audio-decoder-ogg-vorbis: bf7c407c2cedff20999df2af8eb42d56 -> 
  custom:audio-encoder-webm-vorbis: bf7c407c2cedff20999df2af8eb42d56 -> 
========================================================================
Received Import Request.
  path: Assets/Samples/Mixed Reality Toolkit Examples/2.7.3/Demos - Gltf/Models/Avocado/glTF/Avocado.gltf
  artifactKey: Guid(69c7e3c117890dc4eaf92659b4fa5348) Importer(815301076,1909f56bfc062723c751e8b465ee728b)
Start importing Assets/Samples/Mixed Reality Toolkit Examples/2.7.3/Demos - Gltf/Models/Avocado/glTF/Avocado.gltf using Guid(69c7e3c117890dc4eaf92659b4fa5348) Importer(815301076,1909f56bfc062723c751e8b465ee728b)  -> (artifact id: 'c5692354e8e49e8fbda95108b6f4359b') in 0.282188 seconds 
  Import took 0.291257 seconds .

========================================================================
Received Import Request.
  Time since last request: 0.000298 seconds.
  path: Assets/Samples/Mixed Reality Toolkit Examples/2.7.3/Experimental - ColorPicker/Prefabs/ColorWedge.fbx
  artifactKey: Guid(cc3c25bcf3978ab46b6eeab34f67b88d) Importer(815301076,1909f56bfc062723c751e8b465ee728b)
Start importing Assets/Samples/Mixed Reality Toolkit Examples/2.7.3/Experimental - ColorPicker/Prefabs/ColorWedge.fbx using Guid(cc3c25bcf3978ab46b6eeab34f67b88d) Importer(815301076,1909f56bfc062723c751e8b465ee728b)  -> (artifact id: '103545eb5d25ccfb777bea2246381eb9') in 0.064303 seconds 
  Import took 0.072286 seconds .

========================================================================
Received Import Request.
  Time since last request: 0.000319 seconds.
  path: Assets/Samples/Mixed Reality Toolkit Examples/2.7.3/Demos - Gltf/Models/Cube/GLB/cube-with-custom-attr.glb
  artifactKey: Guid(f0bb9fb635c69be4e8526b0fb6b48f39) Importer(815301076,1909f56bfc062723c751e8b465ee728b)
Start importing Assets/Samples/Mixed Reality Toolkit Examples/2.7.3/Demos - Gltf/Models/Cube/GLB/cube-with-custom-attr.glb using Guid(f0bb9fb635c69be4e8526b0fb6b48f39) Importer(815301076,1909f56bfc062723c751e8b465ee728b)  -> (artifact id: '0d6486cd557bbfdb070253dffdc3b87e') in 0.052274 seconds 
  Import took 0.060131 seconds .

========================================================================
Received Import Request.
  Time since last request: 0.000354 seconds.
  path: Assets/Samples/Mixed Reality Toolkit Examples/2.7.3/Demos - Gltf/Models/Avocado/glTF/AvocadoCustomAttr.gltf
  artifactKey: Guid(fea29429b97dbb14b97820f56c74060a) Importer(815301076,1909f56bfc062723c751e8b465ee728b)
Start importing Assets/Samples/Mixed Reality Toolkit Examples/2.7.3/Demos - Gltf/Models/Avocado/glTF/AvocadoCustomAttr.gltf using Guid(fea29429b97dbb14b97820f56c74060a) Importer(815301076,1909f56bfc062723c751e8b465ee728b)  -> (artifact id: '7433a8bf6c21106bd0341af87a2f3de3') in 0.041964 seconds 
  Import took 0.050340 seconds .

========================================================================
Received Import Request.
  Time since last request: 21.391399 seconds.
  path: Assets/Samples/Mixed Reality Toolkit Examples/2.7.3/Experimental - ColorPicker/Materials/ColorPickerGradientMaterial.mat
  artifactKey: Guid(7e8562d13e45e544ca995af33b328a65) Importer(815301076,1909f56bfc062723c751e8b465ee728b)
Start importing Assets/Samples/Mixed Reality Toolkit Examples/2.7.3/Experimental - ColorPicker/Materials/ColorPickerGradientMaterial.mat using Guid(7e8562d13e45e544ca995af33b328a65) Importer(815301076,1909f56bfc062723c751e8b465ee728b)  -> (artifact id: '17183004e4230ef29d04d8cd347c1ba4') in 0.045304 seconds 
  Import took 0.054462 seconds .

========================================================================
Received Import Request.
  Time since last request: 0.000295 seconds.
  path: Assets/TextMesh Pro/Resources/Fonts & Materials/LiberationSans SDF - Outline.mat
  artifactKey: Guid(79459efec17a4d00a321bdcc27bbc385) Importer(815301076,1909f56bfc062723c751e8b465ee728b)
Start importing Assets/TextMesh Pro/Resources/Fonts & Materials/LiberationSans SDF - Outline.mat using Guid(79459efec17a4d00a321bdcc27bbc385) Importer(815301076,1909f56bfc062723c751e8b465ee728b)  -> (artifact id: '289988fcecf3b00d1602f8d2b589f7dd') in 0.050063 seconds 
  Import took 0.058778 seconds .

========================================================================
Received Import Request.
  Time since last request: 0.000231 seconds.
  path: Assets/Samples/Mixed Reality Toolkit Examples/2.7.3/Demos - UX/Interactables/Materials/PhysicalTouchIcon.mat
  artifactKey: Guid(c3863fcd7207ccb44ab3f95079910b77) Importer(815301076,1909f56bfc062723c751e8b465ee728b)
Start importing Assets/Samples/Mixed Reality Toolkit Examples/2.7.3/Demos - UX/Interactables/Materials/PhysicalTouchIcon.mat using Guid(c3863fcd7207ccb44ab3f95079910b77) Importer(815301076,1909f56bfc062723c751e8b465ee728b)  -> (artifact id: '4961d8d28e90443310fc2552054d5169') in 0.033492 seconds 
  Import took 0.041964 seconds .

========================================================================
Received Import Request.
  Time since last request: 0.000328 seconds.
  path: Assets/Samples/Mixed Reality Toolkit Examples/2.7.3/Demos - ScrollingObjectCollection/Materials/HolographicBackPlateNoBorder_Light_Blue.mat
  artifactKey: Guid(c0e93915e1830654bbe2550ab932521a) Importer(815301076,1909f56bfc062723c751e8b465ee728b)
Start importing Assets/Samples/Mixed Reality Toolkit Examples/2.7.3/Demos - ScrollingObjectCollection/Materials/HolographicBackPlateNoBorder_Light_Blue.mat using Guid(c0e93915e1830654bbe2550ab932521a) Importer(815301076,1909f56bfc062723c751e8b465ee728b)  -> (artifact id: '0313bfad8d9fc2411102ec928bf55108') in 0.031286 seconds 
  Import took 0.039210 seconds .

========================================================================
Received Import Request.
  Time since last request: 0.000243 seconds.
  path: Assets/Samples/Mixed Reality Toolkit Examples/2.7.3/Experimental - SceneUnderstanding/Materials/DemoSceneUnderstandingWorldMesh.mat
  artifactKey: Guid(f6d42d214eaa65e44965e766112eb678) Importer(815301076,1909f56bfc062723c751e8b465ee728b)
Start importing Assets/Samples/Mixed Reality Toolkit Examples/2.7.3/Experimental - SceneUnderstanding/Materials/DemoSceneUnderstandingWorldMesh.mat using Guid(f6d42d214eaa65e44965e766112eb678) Importer(815301076,1909f56bfc062723c751e8b465ee728b)  -> (artifact id: '9f8100e2ad06b478076fd2dd0c98dbcc') in 0.029575 seconds 
  Import took 0.039470 seconds .

========================================================================
Received Import Request.
  Time since last request: 0.000322 seconds.
  path: Assets/Samples/Mixed Reality Toolkit Examples/2.7.3/Demos - UX/Interactables/Materials/TextureInteractable.mat
  artifactKey: Guid(f855b18af2d538d4f8965917ec01458e) Importer(815301076,1909f56bfc062723c751e8b465ee728b)
Start importing Assets/Samples/Mixed Reality Toolkit Examples/2.7.3/Demos - UX/Interactables/Materials/TextureInteractable.mat using Guid(f855b18af2d538d4f8965917ec01458e) Importer(815301076,1909f56bfc062723c751e8b465ee728b)  -> (artifact id: '994ff5abee9c58e33dd56377ac7ec3ed') in 0.031280 seconds 
  Import took 0.039953 seconds .

========================================================================
Received Import Request.
  Time since last request: 0.000261 seconds.
  path: Assets/Samples/Mixed Reality Toolkit Examples/2.7.3/Demos - Input/Scenes/InputData/InputRaysFloor_Highlighted.mat
  artifactKey: Guid(3f37b7f7a8cd11249a3e29496b30b2c3) Importer(815301076,1909f56bfc062723c751e8b465ee728b)
Start importing Assets/Samples/Mixed Reality Toolkit Examples/2.7.3/Demos - Input/Scenes/InputData/InputRaysFloor_Highlighted.mat using Guid(3f37b7f7a8cd11249a3e29496b30b2c3) Importer(815301076,1909f56bfc062723c751e8b465ee728b)  -> (artifact id: '3c747454dfd1bebf4a4d4239ac754a84') in 0.034958 seconds 
  Import took 0.044152 seconds .

========================================================================
Received Import Request.
  Time since last request: 0.000257 seconds.
  path: Assets/Samples/Mixed Reality Toolkit Examples/2.7.3/Experimental - Joystick/JoystickFloorMaterial.mat
  artifactKey: Guid(08fa7172ba2185740bae014bca6c2270) Importer(815301076,1909f56bfc062723c751e8b465ee728b)
Start importing Assets/Samples/Mixed Reality Toolkit Examples/2.7.3/Experimental - Joystick/JoystickFloorMaterial.mat using Guid(08fa7172ba2185740bae014bca6c2270) Importer(815301076,1909f56bfc062723c751e8b465ee728b)  -> (artifact id: '91e65babe3486c4cc3276509075cf8bf') in 0.026286 seconds 
  Import took 0.034065 seconds .

========================================================================
Received Import Request.
  Time since last request: 0.000242 seconds.
  path: Assets/Samples/Mixed Reality Toolkit Examples/2.7.3/Experimental - Elastic/Materials/springs.mat
  artifactKey: Guid(ff468968eb265e44c80f6f92a3667464) Importer(815301076,1909f56bfc062723c751e8b465ee728b)
Start importing Assets/Samples/Mixed Reality Toolkit Examples/2.7.3/Experimental - Elastic/Materials/springs.mat using Guid(ff468968eb265e44c80f6f92a3667464) Importer(815301076,1909f56bfc062723c751e8b465ee728b)  -> (artifact id: 'b8e5320cb23f7d3631931a501c31e1d9') in 0.037114 seconds 
  Import took 0.046639 seconds .

========================================================================
Received Import Request.
  Time since last request: 0.000248 seconds.
  path: Assets/Samples/Mixed Reality Toolkit Examples/2.7.3/Experimental - SceneUnderstanding/Materials/DemoSceneUnderstanding.mat
  artifactKey: Guid(a2137747e94e9744b9c97181972d0ed8) Importer(815301076,1909f56bfc062723c751e8b465ee728b)
Start importing Assets/Samples/Mixed Reality Toolkit Examples/2.7.3/Experimental - SceneUnderstanding/Materials/DemoSceneUnderstanding.mat using Guid(a2137747e94e9744b9c97181972d0ed8) Importer(815301076,1909f56bfc062723c751e8b465ee728b)  -> (artifact id: 'b4a5176c70604f188d152f34f073e523') in 0.046877 seconds 
  Import took 0.054711 seconds .

========================================================================
Received Import Request.
  Time since last request: 0.000308 seconds.
  path: Assets/Samples/Mixed Reality Toolkit Examples/2.7.3/Experimental - ColorPicker/Materials/ColorPickerToggleButtonMaterial.mat
  artifactKey: Guid(ea1aaec1fef6b474ab65d774c64cf8dc) Importer(815301076,1909f56bfc062723c751e8b465ee728b)
Start importing Assets/Samples/Mixed Reality Toolkit Examples/2.7.3/Experimental - ColorPicker/Materials/ColorPickerToggleButtonMaterial.mat using Guid(ea1aaec1fef6b474ab65d774c64cf8dc) Importer(815301076,1909f56bfc062723c751e8b465ee728b)  -> (artifact id: 'de720904f879f5518a9487483b601c4a') in 0.026976 seconds 
  Import took 0.034873 seconds .

========================================================================
Received Import Request.
  Time since last request: 0.000310 seconds.
  path: Assets/Samples/Mixed Reality Toolkit Examples/2.7.3/Demos - Input/Scenes/InputData/InputRaysFloor.mat
  artifactKey: Guid(5ad51b8ac2de33043aa6ff081b1d1617) Importer(815301076,1909f56bfc062723c751e8b465ee728b)
Start importing Assets/Samples/Mixed Reality Toolkit Examples/2.7.3/Demos - Input/Scenes/InputData/InputRaysFloor.mat using Guid(5ad51b8ac2de33043aa6ff081b1d1617) Importer(815301076,1909f56bfc062723c751e8b465ee728b)  -> (artifact id: 'dee7e63ef04ddf04cf4e35bb1a4598d5') in 0.022647 seconds 
  Import took 0.031139 seconds .

========================================================================
Received Import Request.
  Time since last request: 0.000203 seconds.
  path: Assets/Samples/Mixed Reality Toolkit Examples/2.7.3/Experimental - SceneUnderstanding/Materials/DemoSceneUnderstandingUI.mat
  artifactKey: Guid(866f1ab18e7e9e84ca843a2c26bc0b3b) Importer(815301076,1909f56bfc062723c751e8b465ee728b)
Start importing Assets/Samples/Mixed Reality Toolkit Examples/2.7.3/Experimental - SceneUnderstanding/Materials/DemoSceneUnderstandingUI.mat using Guid(866f1ab18e7e9e84ca843a2c26bc0b3b) Importer(815301076,1909f56bfc062723c751e8b465ee728b)  -> (artifact id: '8eb3baeb73a75e3958d4fef3831d4a9b') in 0.026332 seconds 
  Import took 0.034418 seconds .

========================================================================
Received Import Request.
  Time since last request: 0.000289 seconds.
  path: Assets/TextMesh Pro/Resources/Fonts & Materials/LiberationSans SDF - Fallback.asset
  artifactKey: Guid(2e498d1c8094910479dc3e1b768306a4) Importer(815301076,1909f56bfc062723c751e8b465ee728b)
Start importing Assets/TextMesh Pro/Resources/Fonts & Materials/LiberationSans SDF - Fallback.asset using Guid(2e498d1c8094910479dc3e1b768306a4) Importer(815301076,1909f56bfc062723c751e8b465ee728b)  -> (artifact id: 'b8c2210586957436df79bf961aeff06e') in 0.034325 seconds 
  Import took 0.042549 seconds .

========================================================================
Received Import Request.
  Time since last request: 0.000236 seconds.
  path: Assets/TextMesh Pro/Fonts/LiberationSans.ttf
  artifactKey: Guid(e3265ab4bf004d28a9537516768c1c75) Importer(815301076,1909f56bfc062723c751e8b465ee728b)
Start importing Assets/TextMesh Pro/Fonts/LiberationSans.ttf using Guid(e3265ab4bf004d28a9537516768c1c75) Importer(815301076,1909f56bfc062723c751e8b465ee728b)  -> (artifact id: 'ab4b68309801e1801491182aa0e77024') in 0.033793 seconds 
  Import took 0.040874 seconds .

========================================================================
Received Import Request.
  Time since last request: 0.000252 seconds.
  path: Assets/TextMesh Pro/Resources/Fonts & Materials/LiberationSans SDF - Drop Shadow.mat
  artifactKey: Guid(e73a58f6e2794ae7b1b7e50b7fb811b0) Importer(815301076,1909f56bfc062723c751e8b465ee728b)
Start importing Assets/TextMesh Pro/Resources/Fonts & Materials/LiberationSans SDF - Drop Shadow.mat using Guid(e73a58f6e2794ae7b1b7e50b7fb811b0) Importer(815301076,1909f56bfc062723c751e8b465ee728b)  -> (artifact id: 'ca0d2861f60500f05bd29199894f7bb5') in 0.044004 seconds 
  Import took 0.051367 seconds .

========================================================================
Received Import Request.
  Time since last request: 0.000184 seconds.
  path: Assets/Samples/Mixed Reality Toolkit Examples/2.7.3/Demos - ScrollingObjectCollection/Materials/ScrollItemCardBackplate.mat
  artifactKey: Guid(ef39650214e706e47897e4b67d4fca86) Importer(815301076,1909f56bfc062723c751e8b465ee728b)
Start importing Assets/Samples/Mixed Reality Toolkit Examples/2.7.3/Demos - ScrollingObjectCollection/Materials/ScrollItemCardBackplate.mat using Guid(ef39650214e706e47897e4b67d4fca86) Importer(815301076,1909f56bfc062723c751e8b465ee728b)  -> (artifact id: '889a26e65c9f28815db62fe2957c8c23') in 0.026522 seconds 
  Import took 0.033737 seconds .

========================================================================
Received Import Request.
  Time since last request: 0.000213 seconds.
  path: Assets/Samples/Mixed Reality Toolkit Examples/2.7.3/Demos - ScrollingObjectCollection/Materials/ScrollWindowBackground.mat
  artifactKey: Guid(314b504e2431fac4f972a371004f91a9) Importer(815301076,1909f56bfc062723c751e8b465ee728b)
Start importing Assets/Samples/Mixed Reality Toolkit Examples/2.7.3/Demos - ScrollingObjectCollection/Materials/ScrollWindowBackground.mat using Guid(314b504e2431fac4f972a371004f91a9) Importer(815301076,1909f56bfc062723c751e8b465ee728b)  -> (artifact id: '608b943f0f34021b164edff16dc22518') in 0.027068 seconds 
  Import took 0.034505 seconds .

========================================================================
Received Import Request.
  Time since last request: 0.000187 seconds.
  path: Assets/TextMesh Pro/Resources/Fonts & Materials/LiberationSans SDF.asset
  artifactKey: Guid(8f586378b4e144a9851e7b34d9b748ee) Importer(815301076,1909f56bfc062723c751e8b465ee728b)
Start importing Assets/TextMesh Pro/Resources/Fonts & Materials/LiberationSans SDF.asset using Guid(8f586378b4e144a9851e7b34d9b748ee) Importer(815301076,1909f56bfc062723c751e8b465ee728b)  -> (artifact id: 'f1280cc7be10b532b2897fc8654f95d3') in 0.042050 seconds 
  Import took 0.049475 seconds .

========================================================================
Received Import Request.
  Time since last request: 0.000260 seconds.
  path: Assets/Samples/Mixed Reality Toolkit Examples/2.7.3/Demos - UX/Lines/Materials/OpaqueLinesMaterial.mat
  artifactKey: Guid(ddc1013c5e7bc0841bf61884ea0f39cd) Importer(815301076,1909f56bfc062723c751e8b465ee728b)
Start importing Assets/Samples/Mixed Reality Toolkit Examples/2.7.3/Demos - UX/Lines/Materials/OpaqueLinesMaterial.mat using Guid(ddc1013c5e7bc0841bf61884ea0f39cd) Importer(815301076,1909f56bfc062723c751e8b465ee728b)  -> (artifact id: '8e80993171dc84055493b890257ae984') in 0.024918 seconds 
  Import took 0.032396 seconds .

========================================================================
Received Import Request.
  Time since last request: 0.000303 seconds.
  path: Assets/Samples/Mixed Reality Toolkit Examples/2.7.3/Demos - UX/Lines/Materials/TransparentLinesMaterial.mat
  artifactKey: Guid(996845b4c28bcf04591d75cb15e433a0) Importer(815301076,1909f56bfc062723c751e8b465ee728b)
Start importing Assets/Samples/Mixed Reality Toolkit Examples/2.7.3/Demos - UX/Lines/Materials/TransparentLinesMaterial.mat using Guid(996845b4c28bcf04591d75cb15e433a0) Importer(815301076,1909f56bfc062723c751e8b465ee728b)  -> (artifact id: '73a466c726df4fee797ad715ca2c67b8') in 0.022425 seconds 
  Import took 0.030264 seconds .

========================================================================
Received Import Request.
  Time since last request: 0.000313 seconds.
  path: Assets/Samples/Mixed Reality Toolkit Examples/2.7.3/Demos - Input/Scenes/InputData/InputRaysFloor_Pressed.mat
  artifactKey: Guid(2a8716ea1ec87144480634f04299fc5a) Importer(815301076,1909f56bfc062723c751e8b465ee728b)
Start importing Assets/Samples/Mixed Reality Toolkit Examples/2.7.3/Demos - Input/Scenes/InputData/InputRaysFloor_Pressed.mat using Guid(2a8716ea1ec87144480634f04299fc5a) Importer(815301076,1909f56bfc062723c751e8b465ee728b)  -> (artifact id: '5bd590f59bd661a530ab2f61c7a12887') in 0.022886 seconds 
  Import took 0.029046 seconds .

========================================================================
Received Import Request.
  Time since last request: 58.602263 seconds.
  path: Assets/Scenes/MeshFilter.prefab
  artifactKey: Guid(e289b32c0cad7544d873b9f0581a0ed5) Importer(815301076,1909f56bfc062723c751e8b465ee728b)
Start importing Assets/Scenes/MeshFilter.prefab using Guid(e289b32c0cad7544d873b9f0581a0ed5) Importer(815301076,1909f56bfc062723c751e8b465ee728b)  -> (artifact id: 'ec8701305bafe1651391355d580f0a55') in 0.022267 seconds 
  Import took 0.031693 seconds .

========================================================================
Received Prepare
Registering precompiled user dll's ...
Registered in 0.022460 seconds.
Begin MonoManager ReloadAssembly
Native extension for WindowsStandalone target not found
Native extension for WebGL target not found
Refreshing native plugins compatible for Editor in 1.30 ms, found 17 plugins.
Preloading 1 native plugins for Editor in 0.12 ms.
Error when attempting to update scene info fields. Scene info data may be stale.
UnityEngine.StackTraceUtility:ExtractStackTrace ()
UnityEngine.DebugLogHandler:LogFormat (UnityEngine.LogType,UnityEngine.Object,string,object[])
UnityEngine.Logger:Log (UnityEngine.LogType,object)
UnityEngine.Debug:LogWarning (object)
Microsoft.MixedReality.Toolkit.Editor.SceneInfoUtils:RefreshSceneInfoFieldsInScriptableObjects () (at Library/PackageCache/com.microsoft.mixedreality.toolkit.foundation@7031015f1531-1646945430362/Core/Inspectors/PropertyDrawers/SceneInfoUtils.cs:313)
Microsoft.MixedReality.Toolkit.Editor.SceneInfoUtils:InitializeOnLoad () (at Library/PackageCache/com.microsoft.mixedreality.toolkit.foundation@7031015f1531-1646945430362/Core/Inspectors/PropertyDrawers/SceneInfoUtils.cs:231)
System.Reflection.MonoMethod:Invoke (object,System.Reflection.BindingFlags,System.Reflection.Binder,object[],System.Globalization.CultureInfo)
System.Reflection.MethodBase:Invoke (object,object[])
UnityEditor.EditorAssemblies:ProcessInitializeOnLoadMethodAttributes ()

(Filename: Library/PackageCache/com.microsoft.mixedreality.toolkit.foundation@7031015f1531-1646945430362/Core/Inspectors/PropertyDrawers/SceneInfoUtils.cs Line: 313)

[XR] [MROpenXR][Info   ][11:24:49.596050][tid:1fc0] MicrosoftOpenXRPlugin_SetPluginEnvironment unityVersion=2020.3.26f1
[XR] [MROpenXR][Info   ][11:24:49.596634][tid:1fc0] MicrosoftOpenXRPlugin_SetPluginEnvironment openXRPluginVersion=1.3.1
[XR] [MROpenXR][Info   ][11:24:49.596685][tid:1fc0] MicrosoftOpenXRPlugin_SetPluginEnvironment mrOpenXRPluginVersion=1.3.1.0
[XR] [MROpenXR][Info   ][11:24:49.596764][tid:1fc0] OnPluginStarted UnityVersion=2020.3.26f1 OpenXRPluginVersion=1.3.1 MROpenXRPluginVersion=1.3.1.0 PartA_PrivTags=33554432
Mono: successfully reloaded assembly
- Completed reload, in  3.753 seconds
Domain Reload Profiling:
	ReloadAssembly (3754ms)
		BeginReloadAssembly (165ms)
			ExecutionOrderSort (0ms)
			DisableScriptedObjects (6ms)
			BackupInstance (0ms)
			ReleaseScriptingObjects (0ms)
			CreateAndSetChildDomain (66ms)
		EndReloadAssembly (3514ms)
			LoadAssemblies (126ms)
			RebuildTransferFunctionScriptingTraits (0ms)
			SetupTypeCache (769ms)
			ReleaseScriptCaches (1ms)
			RebuildScriptCaches (61ms)
			SetupLoadedEditorAssemblies (2328ms)
				LogAssemblyErrors (0ms)
				InitializePlatformSupportModulesInManaged (7ms)
				SetLoadedEditorAssemblies (1ms)
				RefreshPlugins (2ms)
				BeforeProcessingInitializeOnLoad (163ms)
				ProcessInitializeOnLoadAttributes (1026ms)
				ProcessInitializeOnLoadMethodAttributes (1122ms)
				AfterProcessingInitializeOnLoad (7ms)
				EditorAssembliesLoaded (0ms)
			ExecutionOrderSort2 (0ms)
			AwakeInstancesAfterBackupRestoration (17ms)
Platform modules already initialized, skipping
Switching build target platform(19) subTarget(0) extendedPlatform(0) -> platform(21) subTarget(3) extendedPlatform(0)
Refreshing native plugins compatible for Editor in 1.25 ms, found 17 plugins.
Preloading 1 native plugins for Editor in 0.10 ms.
Unloading 3780 Unused Serialized files (Serialized files now loaded: 0)
System memory in use before: 154.1 MB.
System memory in use after: 154.0 MB.

Unloading 402 unused Assets to reduce memory usage. Loaded Objects now: 4232.
Total: 5.031600 ms (FindLiveObjects: 0.330300 ms CreateObjectMapping: 0.253700 ms MarkObjects: 4.117600 ms  DeleteObjects: 0.328700 ms)

AssetImportParameters requested are different than current active one (requested -> active):
  custom:framework-win-MediaFoundation: 216162199b28c13a410421893ffa2e32 -> 
  custom:video-decoder-ogg-theora: a1e56fd34408186e4bbccfd4996cb3dc -> 
  custom:container-muxer-webm: aa71ff27fc2769a1b78a27578f13a17b -> 
  custom:container-demuxer-webm: 4f35f7cbe854078d1ac9338744f61a02 -> 
  custom:container-demuxer-ogg: 62fdf1f143b41e24485cea50d1cbac27 -> 
  custom:video-encoder-webm-vp8: eb34c28f22e8b96e1ab97ce403110664 -> 
  custom:video-codec-MediaFoundation-h265: 746d11721c4dcdbdad8f713fa42b33f4 -> 
  custom:video-decoder-webm-vp8: 9c59270c3fd7afecdb556c50c9e8de78 -> 
  custom:audio-decoder-ogg-vorbis: bf7c407c2cedff20999df2af8eb42d56 -> 
  custom:audio-encoder-webm-vorbis: bf7c407c2cedff20999df2af8eb42d56 -> 
========================================================================
Received Prepare
Registering precompiled user dll's ...
Registered in 0.084721 seconds.
Begin MonoManager ReloadAssembly
Native extension for WindowsStandalone target not found
Native extension for WebGL target not found
Refreshing native plugins compatible for Editor in 1.41 ms, found 17 plugins.
Preloading 1 native plugins for Editor in 0.13 ms.
Error when attempting to update scene info fields. Scene info data may be stale.
UnityEngine.StackTraceUtility:ExtractStackTrace ()
UnityEngine.DebugLogHandler:LogFormat (UnityEngine.LogType,UnityEngine.Object,string,object[])
UnityEngine.Logger:Log (UnityEngine.LogType,object)
UnityEngine.Debug:LogWarning (object)
Microsoft.MixedReality.Toolkit.Editor.SceneInfoUtils:RefreshSceneInfoFieldsInScriptableObjects () (at Library/PackageCache/com.microsoft.mixedreality.toolkit.foundation@7031015f1531-1646945430362/Core/Inspectors/PropertyDrawers/SceneInfoUtils.cs:313)
Microsoft.MixedReality.Toolkit.Editor.SceneInfoUtils:InitializeOnLoad () (at Library/PackageCache/com.microsoft.mixedreality.toolkit.foundation@7031015f1531-1646945430362/Core/Inspectors/PropertyDrawers/SceneInfoUtils.cs:231)
System.Reflection.MonoMethod:Invoke (object,System.Reflection.BindingFlags,System.Reflection.Binder,object[],System.Globalization.CultureInfo)
System.Reflection.MethodBase:Invoke (object,object[])
UnityEditor.EditorAssemblies:ProcessInitializeOnLoadMethodAttributes ()

(Filename: Library/PackageCache/com.microsoft.mixedreality.toolkit.foundation@7031015f1531-1646945430362/Core/Inspectors/PropertyDrawers/SceneInfoUtils.cs Line: 313)

[XR] [MROpenXR][Info   ][08:21:23.752984][tid:1fc0] MicrosoftOpenXRPlugin_SetPluginEnvironment unityVersion=2020.3.26f1
[XR] [MROpenXR][Info   ][08:21:23.753627][tid:1fc0] MicrosoftOpenXRPlugin_SetPluginEnvironment openXRPluginVersion=1.3.1
[XR] [MROpenXR][Info   ][08:21:23.753687][tid:1fc0] MicrosoftOpenXRPlugin_SetPluginEnvironment mrOpenXRPluginVersion=1.3.1.0
[XR] [MROpenXR][Info   ][08:21:23.753770][tid:1fc0] OnPluginStarted UnityVersion=2020.3.26f1 OpenXRPluginVersion=1.3.1 MROpenXRPluginVersion=1.3.1.0 PartA_PrivTags=33554432
Mono: successfully reloaded assembly
- Completed reload, in  3.376 seconds
Domain Reload Profiling:
	ReloadAssembly (3380ms)
		BeginReloadAssembly (248ms)
			ExecutionOrderSort (0ms)
			DisableScriptedObjects (14ms)
			BackupInstance (0ms)
			ReleaseScriptingObjects (0ms)
			CreateAndSetChildDomain (102ms)
		EndReloadAssembly (3048ms)
			LoadAssemblies (141ms)
			RebuildTransferFunctionScriptingTraits (0ms)
			SetupTypeCache (397ms)
			ReleaseScriptCaches (1ms)
			RebuildScriptCaches (50ms)
			SetupLoadedEditorAssemblies (2240ms)
				LogAssemblyErrors (0ms)
				InitializePlatformSupportModulesInManaged (5ms)
				SetLoadedEditorAssemblies (1ms)
				RefreshPlugins (2ms)
				BeforeProcessingInitializeOnLoad (124ms)
				ProcessInitializeOnLoadAttributes (811ms)
				ProcessInitializeOnLoadMethodAttributes (1289ms)
				AfterProcessingInitializeOnLoad (8ms)
				EditorAssembliesLoaded (0ms)
			ExecutionOrderSort2 (0ms)
			AwakeInstancesAfterBackupRestoration (19ms)
Platform modules already initialized, skipping
Switching build target platform(19) subTarget(0) extendedPlatform(0) -> platform(21) subTarget(3) extendedPlatform(0)
Refreshing native plugins compatible for Editor in 1.25 ms, found 17 plugins.
Preloading 1 native plugins for Editor in 0.11 ms.
Unloading 3780 Unused Serialized files (Serialized files now loaded: 0)
System memory in use before: 154.2 MB.
System memory in use after: 154.0 MB.

Unloading 400 unused Assets to reduce memory usage. Loaded Objects now: 4239.
Total: 4.739300 ms (FindLiveObjects: 0.443300 ms CreateObjectMapping: 0.246200 ms MarkObjects: 3.653800 ms  DeleteObjects: 0.394900 ms)

AssetImportParameters requested are different than current active one (requested -> active):
  custom:framework-win-MediaFoundation: 216162199b28c13a410421893ffa2e32 -> 
  custom:video-decoder-ogg-theora: a1e56fd34408186e4bbccfd4996cb3dc -> 
  custom:container-muxer-webm: aa71ff27fc2769a1b78a27578f13a17b -> 
  custom:container-demuxer-webm: 4f35f7cbe854078d1ac9338744f61a02 -> 
  custom:container-demuxer-ogg: 62fdf1f143b41e24485cea50d1cbac27 -> 
  custom:video-encoder-webm-vp8: eb34c28f22e8b96e1ab97ce403110664 -> 
  custom:video-codec-MediaFoundation-h265: 746d11721c4dcdbdad8f713fa42b33f4 -> 
  custom:video-decoder-webm-vp8: 9c59270c3fd7afecdb556c50c9e8de78 -> 
  custom:audio-decoder-ogg-vorbis: bf7c407c2cedff20999df2af8eb42d56 -> 
  custom:audio-encoder-webm-vorbis: bf7c407c2cedff20999df2af8eb42d56 -> 
========================================================================
Received Prepare
Registering precompiled user dll's ...
Registered in 0.021576 seconds.
Begin MonoManager ReloadAssembly
Native extension for WindowsStandalone target not found
Native extension for WebGL target not found
Refreshing native plugins compatible for Editor in 1.66 ms, found 17 plugins.
Preloading 1 native plugins for Editor in 0.15 ms.
Error when attempting to update scene info fields. Scene info data may be stale.
UnityEngine.StackTraceUtility:ExtractStackTrace ()
UnityEngine.DebugLogHandler:LogFormat (UnityEngine.LogType,UnityEngine.Object,string,object[])
UnityEngine.Logger:Log (UnityEngine.LogType,object)
UnityEngine.Debug:LogWarning (object)
Microsoft.MixedReality.Toolkit.Editor.SceneInfoUtils:RefreshSceneInfoFieldsInScriptableObjects () (at Library/PackageCache/com.microsoft.mixedreality.toolkit.foundation@7031015f1531-1646945430362/Core/Inspectors/PropertyDrawers/SceneInfoUtils.cs:313)
Microsoft.MixedReality.Toolkit.Editor.SceneInfoUtils:InitializeOnLoad () (at Library/PackageCache/com.microsoft.mixedreality.toolkit.foundation@7031015f1531-1646945430362/Core/Inspectors/PropertyDrawers/SceneInfoUtils.cs:231)
System.Reflection.MonoMethod:Invoke (object,System.Reflection.BindingFlags,System.Reflection.Binder,object[],System.Globalization.CultureInfo)
System.Reflection.MethodBase:Invoke (object,object[])
UnityEditor.EditorAssemblies:ProcessInitializeOnLoadMethodAttributes ()

(Filename: Library/PackageCache/com.microsoft.mixedreality.toolkit.foundation@7031015f1531-1646945430362/Core/Inspectors/PropertyDrawers/SceneInfoUtils.cs Line: 313)

[XR] [MROpenXR][Info   ][08:21:51.882308][tid:1fc0] MicrosoftOpenXRPlugin_SetPluginEnvironment unityVersion=2020.3.26f1
[XR] [MROpenXR][Info   ][08:21:51.883703][tid:1fc0] MicrosoftOpenXRPlugin_SetPluginEnvironment openXRPluginVersion=1.3.1
[XR] [MROpenXR][Info   ][08:21:51.883798][tid:1fc0] MicrosoftOpenXRPlugin_SetPluginEnvironment mrOpenXRPluginVersion=1.3.1.0
[XR] [MROpenXR][Info   ][08:21:51.883890][tid:1fc0] OnPluginStarted UnityVersion=2020.3.26f1 OpenXRPluginVersion=1.3.1 MROpenXRPluginVersion=1.3.1.0 PartA_PrivTags=33554432
Mono: successfully reloaded assembly
- Completed reload, in  3.671 seconds
Domain Reload Profiling:
	ReloadAssembly (3672ms)
		BeginReloadAssembly (206ms)
			ExecutionOrderSort (0ms)
			DisableScriptedObjects (7ms)
			BackupInstance (0ms)
			ReleaseScriptingObjects (0ms)
			CreateAndSetChildDomain (74ms)
		EndReloadAssembly (3353ms)
			LoadAssemblies (199ms)
			RebuildTransferFunctionScriptingTraits (0ms)
			SetupTypeCache (589ms)
			ReleaseScriptCaches (1ms)
			RebuildScriptCaches (79ms)
			SetupLoadedEditorAssemblies (2127ms)
				LogAssemblyErrors (0ms)
				InitializePlatformSupportModulesInManaged (10ms)
				SetLoadedEditorAssemblies (1ms)
				RefreshPlugins (2ms)
				BeforeProcessingInitializeOnLoad (178ms)
				ProcessInitializeOnLoadAttributes (1199ms)
				ProcessInitializeOnLoadMethodAttributes (717ms)
				AfterProcessingInitializeOnLoad (19ms)
				EditorAssembliesLoaded (2ms)
			ExecutionOrderSort2 (0ms)
			AwakeInstancesAfterBackupRestoration (57ms)
Platform modules already initialized, skipping
Switching build target platform(19) subTarget(0) extendedPlatform(0) -> platform(21) subTarget(3) extendedPlatform(0)
Refreshing native plugins compatible for Editor in 1.86 ms, found 17 plugins.
Preloading 1 native plugins for Editor in 0.28 ms.
Unloading 3780 Unused Serialized files (Serialized files now loaded: 0)
System memory in use before: 154.2 MB.
System memory in use after: 154.1 MB.

Unloading 400 unused Assets to reduce memory usage. Loaded Objects now: 4246.
Total: 7.495600 ms (FindLiveObjects: 0.800400 ms CreateObjectMapping: 0.566700 ms MarkObjects: 5.461300 ms  DeleteObjects: 0.665000 ms)

AssetImportParameters requested are different than current active one (requested -> active):
  custom:framework-win-MediaFoundation: 216162199b28c13a410421893ffa2e32 -> 
  custom:video-decoder-ogg-theora: a1e56fd34408186e4bbccfd4996cb3dc -> 
  custom:container-muxer-webm: aa71ff27fc2769a1b78a27578f13a17b -> 
  custom:container-demuxer-webm: 4f35f7cbe854078d1ac9338744f61a02 -> 
  custom:container-demuxer-ogg: 62fdf1f143b41e24485cea50d1cbac27 -> 
  custom:video-encoder-webm-vp8: eb34c28f22e8b96e1ab97ce403110664 -> 
  custom:video-codec-MediaFoundation-h265: 746d11721c4dcdbdad8f713fa42b33f4 -> 
  custom:video-decoder-webm-vp8: 9c59270c3fd7afecdb556c50c9e8de78 -> 
  custom:audio-decoder-ogg-vorbis: bf7c407c2cedff20999df2af8eb42d56 -> 
  custom:audio-encoder-webm-vorbis: bf7c407c2cedff20999df2af8eb42d56 -> 
AssetImportWorkerClient::OnTransportError - code=2 error=End of file
